<?xml version="1.0" encoding="UTF-8"?>
<!-- Generated by org.testng.reporters.JUnitReportReporter -->
<testsuite skipped="0" hostname="DESKTOP-6HTCB4G" name="org.Flip.Main_FlipKart" tests="1" failures="0" timestamp="07 Nov 2021 13:46:38 GMT" time="17.767" errors="0">
  <testcase name="test" time="17.767" classname="org.Flip.Main_FlipKart"/>
</testsuite> <!-- org.Flip.Main_FlipKart -->
